build/app/outputs/mapping/release/mapping.txt
# compiler: R8
# compiler_version: 1.5.64
# min_api: 16
# pg_map_id: 3ffc2c8
...
com.google.firebase.auth.FederatedAuthProvider -> com.google.firebase.auth.n:
com.google.firebase.auth.FirebaseAuth -> com.google.firebase.auth.FirebaseAuth:
    java.lang.Object zzj -> j
    com.google.firebase.auth.FirebaseUser zzf -> f
    java.lang.Object zzh -> h
    java.lang.String zzi -> i
    java.lang.String zzk -> k
    com.google.firebase.auth.internal.zzbb zzo -> o
    com.google.firebase.auth.internal.zzaw zzl -> l
    com.google.firebase.auth.internal.zzaz zzn -> n
    java.util.List zzb -> b
    com.google.firebase.auth.internal.zzao zzm -> m
    java.util.List zzd -> d
    java.util.List zzc -> c
    com.google.firebase.auth.api.internal.zzau zze -> e
    com.google.firebase.auth.internal.zzo zzg -> g
    com.google.firebase.FirebaseApp zza -> a
    void addAuthStateListener(com.google.firebase.auth.FirebaseAuth$AuthStateListener) -> a
    void addIdTokenListener(com.google.firebase.auth.FirebaseAuth$IdTokenListener) -> a
    com.google.android.gms.tasks.Task applyActionCode(java.lang.String) -> a
    com.google.android.gms.tasks.Task confirmPasswordReset(java.lang.String,java.lang.String) -> a
    com.google.android.gms.tasks.Task getAccessToken(boolean) -> a
    com.google.firebase.auth.FirebaseUser getCurrentUser() -> a
    com.google.android.gms.tasks.Task sendPasswordResetEmail(java.lang.String,com.google.firebase.auth.ActionCodeSettings) -> a
    com.google.android.gms.tasks.Task signInWithCredential(com.google.firebase.auth.AuthCredential) -> a
com.google.firebase.auth.FirebaseAuth$AuthStateListener -> com.google.firebase.auth.FirebaseAuth$a:
    void onAuthStateChanged(com.google.firebase.auth.FirebaseAuth) -> a
com.google.firebase.auth.FirebaseAuth$IdTokenListener -> com.google.firebase.auth.FirebaseAuth$b:
    void onIdTokenChanged(com.google.firebase.auth.FirebaseAuth) -> a
com.google.firebase.auth.FirebaseAuth$zza -> com.google.firebase.auth.FirebaseAuth$c:
    com.google.firebase.auth.FirebaseAuth zza -> a
    void zza(com.google.android.gms.common.api.Status) -> a
    void zza(com.google.android.gms.internal.firebase_auth.zzff,com.google.firebase.auth.FirebaseUser) -> a
com.google.firebase.auth.FirebaseAuth$zzb -> com.google.firebase.auth.FirebaseAuth$d:
    com.google.firebase.auth.FirebaseAuth zza -> a
    void zza(com.google.android.gms.internal.firebase_auth.zzff,com.google.firebase.auth.FirebaseUser) -> a
com.google.firebase.auth.FirebaseAuthActionCodeException -> com.google.firebase.auth.o:
com.google.firebase.auth.FirebaseAuthEmailException -> com.google.firebase.auth.p:
com.google.firebase.auth.FirebaseAuthException -> com.google.firebase.auth.q:
    java.lang.String zza -> a
    java.lang.String getErrorCode() -> a
com.google.firebase.auth.FirebaseAuthInvalidCredentialsException -> com.google.firebase.auth.r:
com.google.firebase.auth.FirebaseAuthInvalidUserException -> com.google.firebase.auth.s:
com.google.firebase.auth.FirebaseAuthMultiFactorException -> com.google.firebase.auth.t:
com.google.firebase.auth.FirebaseAuthRecentLoginRequiredException -> com.google.firebase.auth.u:
com.google.firebase.auth.FirebaseAuthSettings -> com.google.firebase.auth.v:
    void setAutoRetrievedSmsCodeForPhoneNumber(java.lang.String,java.lang.String) -> a
com.google.firebase.auth.FirebaseAuthUserCollisionException -> com.google.firebase.auth.w:
    com.google.firebase.auth.AuthCredential zza -> b
    java.lang.String zzb -> c
    com.google.firebase.auth.FirebaseAuthUserCollisionException zza(com.google.firebase.auth.AuthCredential) -> a
    com.google.firebase.auth.FirebaseAuthUserCollisionException zza(java.lang.String) -> a
    java.lang.String getEmail() -> b
    com.google.firebase.auth.FirebaseAuthUserCollisionException zzb(java.lang.String) -> b
    com.google.firebase.auth.AuthCredential getUpdatedCredential() -> c
com.google.firebase.auth.FirebaseAuthWeakPasswordException -> com.google.firebase.auth.x:
    java.lang.String zza -> b
    java.lang.String getReason() -> b